<?xml version="1.0" encoding="UTF-8"?>
<testsuite xmlns:xsi="http://www.w3.org/2001/XMLSchema-instance" xsi:noNamespaceSchemaLocation="https://maven.apache.org/surefire/maven-surefire-plugin/xsd/surefire-test-report.xsd" name="uk.ac.ed.inf.AppTest" time="0.058" tests="1" errors="0" skipped="0" failures="0">
  <properties>
    <property name="sun.desktop" value="windows"/>
    <property name="awt.toolkit" value="sun.awt.windows.WToolkit"/>
    <property name="java.specification.version" value="11"/>
    <property name="sun.cpu.isalist" value="amd64"/>
    <property name="sun.jnu.encoding" value="Cp1252"/>
    <property name="java.class.path" value="C:\Uni\ILP\heatmap\target\test-classes;C:\Uni\ILP\heatmap\target\classes;C:\Users\dupst\.m2\repository\junit\junit\4.11\junit-4.11.jar;C:\Users\dupst\.m2\repository\org\hamcrest\hamcrest-core\1.3\hamcrest-core-1.3.jar;C:\Users\dupst\.m2\repository\com\mapbox\mapboxsdk\mapbox-sdk-geojson\5.5.0\mapbox-sdk-geojson-5.5.0.jar;C:\Users\dupst\.m2\repository\com\google\code\gson\gson\2.8.6\gson-2.8.6.jar;"/>
    <property name="java.vm.vendor" value="JetBrains s.r.o"/>
    <property name="sun.arch.data.model" value="64"/>
    <property name="user.variant" value=""/>
    <property name="java.vendor.url" value="https://www.jetbrains.com/"/>
    <property name="user.timezone" value="Europe/London"/>
    <property name="user.country.format" value="DE"/>
    <property name="java.vm.specification.version" value="11"/>
    <property name="os.name" value="Windows 10"/>
    <property name="sun.java.launcher" value="SUN_STANDARD"/>
    <property name="user.country" value="GB"/>
    <property name="sun.boot.library.path" value="D:\Program Files\JetBrains\IntelliJ IDEA Community Edition 2019.2.3\jbr\bin"/>
    <property name="sun.java.command" value="C:\Users\dupst\AppData\Local\Temp\surefire7244344672508716604\surefirebooter16814991550253454795.jar C:\Users\dupst\AppData\Local\Temp\surefire7244344672508716604 2020-10-09T22-46-33_155-jvmRun1 surefire15894954447462983045tmp surefire_02022409328122234713tmp"/>
    <property name="jdk.debug" value="release"/>
    <property name="surefire.test.class.path" value="C:\Uni\ILP\heatmap\target\test-classes;C:\Uni\ILP\heatmap\target\classes;C:\Users\dupst\.m2\repository\junit\junit\4.11\junit-4.11.jar;C:\Users\dupst\.m2\repository\org\hamcrest\hamcrest-core\1.3\hamcrest-core-1.3.jar;C:\Users\dupst\.m2\repository\com\mapbox\mapboxsdk\mapbox-sdk-geojson\5.5.0\mapbox-sdk-geojson-5.5.0.jar;C:\Users\dupst\.m2\repository\com\google\code\gson\gson\2.8.6\gson-2.8.6.jar;"/>
    <property name="sun.cpu.endian" value="little"/>
    <property name="user.home" value="C:\Users\dupst"/>
    <property name="user.language" value="en"/>
    <property name="java.specification.vendor" value="Oracle Corporation"/>
    <property name="java.version.date" value="2019-07-16"/>
    <property name="java.home" value="D:\Program Files\JetBrains\IntelliJ IDEA Community Edition 2019.2.3\jbr"/>
    <property name="file.separator" value="\"/>
    <property name="basedir" value="C:\Uni\ILP\heatmap"/>
    <property name="java.vm.compressedOopsMode" value="Zero based"/>
    <property name="line.separator" value="&#10;"/>
    <property name="idea.version2019.2.3" value="true"/>
    <property name="java.specification.name" value="Java Platform API Specification"/>
    <property name="java.vm.specification.vendor" value="Oracle Corporation"/>
    <property name="java.awt.graphicsenv" value="sun.awt.Win32GraphicsEnvironment"/>
    <property name="surefire.real.class.path" value="C:\Users\dupst\AppData\Local\Temp\surefire7244344672508716604\surefirebooter16814991550253454795.jar"/>
    <property name="user.script" value=""/>
    <property name="sun.management.compiler" value="HotSpot 64-Bit Tiered Compilers"/>
    <property name="java.runtime.version" value="11.0.4+10-b304.69"/>
    <property name="user.name" value="dupst"/>
    <property name="path.separator" value=";"/>
    <property name="os.version" value="10.0"/>
    <property name="java.runtime.name" value="OpenJDK Runtime Environment"/>
    <property name="file.encoding" value="Cp1252"/>
    <property name="java.vm.name" value="OpenJDK 64-Bit Server VM"/>
    <property name="localRepository" value="C:\Users\dupst\.m2\repository"/>
    <property name="java.vendor.url.bug" value="https://youtrack.jetbrains.com"/>
    <property name="java.io.tmpdir" value="C:\Users\dupst\AppData\Local\Temp\"/>
    <property name="java.version" value="11.0.4"/>
    <property name="user.dir" value="C:\Uni\ILP\heatmap"/>
    <property name="os.arch" value="amd64"/>
    <property name="java.vm.specification.name" value="Java Virtual Machine Specification"/>
    <property name="java.awt.printerjob" value="sun.awt.windows.WPrinterJob"/>
    <property name="sun.os.patch.level" value=""/>
    <property name="java.library.path" value="D:\Program Files\JetBrains\IntelliJ IDEA Community Edition 2019.2.3\jbr\bin;C:\WINDOWS\Sun\Java\bin;C:\WINDOWS\system32;C:\WINDOWS;C:\Users\dupst\Anaconda3\condabin;D:\Program Files\JetBrains\IntelliJ IDEA Community Edition 2019.2.3\jbr\bin;C:\Program Files\Haskell\bin;D:\Program Files\Haskell Platform\8.6.5\lib\extralibs\bin;D:\Program Files\Haskell Platform\8.6.5\bin;C:\Program Files\NVIDIA GPU Computing Toolkit\CUDA\v10.1\bin;C:\Program Files\NVIDIA GPU Computing Toolkit\CUDA\v10.1\libnvvp;C:\Program Files (x86)\Intel\iCLS Client\;C:\Program Files\Intel\iCLS Client\;C:\Windows\system32;C:\Windows;C:\Windows\System32\Wbem;C:\Windows\System32\WindowsPowerShell\v1.0\;C:\Program Files (x86)\Intel\Intel(R) Management Engine Components\DAL;C:\Program Files\Intel\Intel(R) Management Engine Components\DAL;C:\Program Files (x86)\Intel\Intel(R) Management Engine Components\IPT;C:\Program Files\Intel\Intel(R) Management Engine Components\IPT;C:\Program Files (x86)\NVIDIA Corporation\PhysX\Common;C:\Program Files\Intel\WiFi\bin\;C:\Program Files\Common Files\Intel\WirelessCommon\;C:\Program Files\NVIDIA Corporation\NVIDIA NvDLISR;C:\WINDOWS\system32;C:\WINDOWS;C:\WINDOWS\System32\Wbem;C:\WINDOWS\System32\WindowsPowerShell\v1.0\;C:\WINDOWS\System32\OpenSSH\;C:\Program Files\NVIDIA Corporation\Nsight Compute 2019.3.0\;C:\Program Files\dotnet\;C:\ffmpeg\bin;D:\Program Files\Haskell Platform\8.6.5\mingw\bin;C:\MinGW\bin;C:\MinGW\msys\1.0\bin;C:\WINDOWS\system32;C:\WINDOWS;C:\WINDOWS\System32\Wbem;C:\WINDOWS\System32\WindowsPowerShell\v1.0\;C:\WINDOWS\System32\OpenSSH\;C:\Program Files\Git\cmd;D:\Program Files\cmake-3.16.2-win64-x64\bin;C:\Users\dupst\Downloads\bazel.exe;C:\Program Files\OpenAFS\Client\Program;C:\Program Files (x86)\OpenAFS\Client\Program;C:\Program Files\Heimdal\bin\;D:\Program Files\nodejs\;C:\Users\dupst\.windows-build-tools\python27\;C:\Users\dupst\AppData\Roaming\cabal\bin;D:\Users\dupst\AppData\Roaming\local\bin;C:\Users\dupst\AppData\Local\Microsoft\WindowsApps;C:\Program Files\NVIDIA GPU Computing Toolkit\CUDA\v10.1;C:\Program Files\NVIDIA GPU Computing Toolkit\CUDA\v10.1\lib\x64;C:\Program Files\NVIDIA GPU Computing Toolkit\CUDA\v10.1\bin;C:\Users\dupst\Anaconda3;C:\Users\dupst\Anaconda3\Scripts;C:\Users\dupst\Anaconda3\Library\bin;C:\Program Files\NVIDIA GPU Computing Toolkit\CUDA\v10.1\libnvvp;C:\vizdoom\vizdoom115pre\ViZDoom-1.1.5pre-Win-Python36-x86_64\vizdoom;D:\Program Files\JetBrains\IntelliJ IDEA Community Edition 2019.2.3\bin;D:\Program Files\JetBrains\CLion 2019.2.4\bin;D:\Program Files\JetBrains\PyCharm Community Edition 2019.2.4\bin;C:\Users\dupst\Downloads\bazel.exe;C:\Users\dupst\AppData\Roaming\npm;D:\Users\dupst\AppData\Local\Programs\Microsoft VS Code\bin;C:\Users\dupst\AppData\Local\Android\Sdk\platform-tools;C:\Users\dupst\AppData\Local\Android\Sdk\tools\;C:\Users\dupst\AppData\Local\Android\Sdk\emulator;;."/>
    <property name="java.vendor" value="JetBrains s.r.o"/>
    <property name="java.vm.info" value="mixed mode, sharing"/>
    <property name="java.vm.version" value="11.0.4+10-b304.69"/>
    <property name="sun.io.unicode.encoding" value="UnicodeLittle"/>
    <property name="java.class.version" value="55.0"/>
  </properties>
  <testcase name="shouldAnswerWithTrue" classname="uk.ac.ed.inf.AppTest" time="0.003"/>
</testsuite>